2024-12-04 03:42:03 [main] INFO  c.e.p.ProjectFirstApplication - Starting ProjectFirstApplication using Java 21.0.5 with PID 8806 (/Users/manas/Downloads/projectFirst 2/target/classes started by manas in /Users/manas/Downloads/projectFirst 2)
2024-12-04 03:42:03 [main] INFO  c.e.p.ProjectFirstApplication - No active profile set, falling back to 1 default profile: "default"
2024-12-04 03:42:03 [main] INFO  o.s.b.w.e.tomcat.TomcatWebServer - Tomcat initialized with port 8080 (http)
2024-12-04 03:42:03 [main] INFO  o.a.coyote.http11.Http11NioProtocol - Initializing ProtocolHandler ["http-nio-8080"]
2024-12-04 03:42:03 [main] INFO  o.a.catalina.core.StandardService - Starting service [Tomcat]
2024-12-04 03:42:03 [main] INFO  o.a.catalina.core.StandardEngine - Starting Servlet engine: [Apache Tomcat/10.1.33]
2024-12-04 03:42:04 [main] INFO  o.a.c.c.C.[Tomcat].[localhost].[/] - Initializing Spring embedded WebApplicationContext
2024-12-04 03:42:04 [main] INFO  o.s.b.w.s.c.ServletWebServerApplicationContext - Root WebApplicationContext: initialization completed in 710 ms
2024-12-04 03:42:04 [main] INFO  o.a.coyote.http11.Http11NioProtocol - Starting ProtocolHandler ["http-nio-8080"]
2024-12-04 03:42:04 [main] INFO  o.s.b.w.e.tomcat.TomcatWebServer - Tomcat started on port 8080 (http) with context path '/'
2024-12-04 03:42:04 [main] INFO  c.e.p.ProjectFirstApplication - Started ProjectFirstApplication in 1.498 seconds (process running for 1.923)
2024-12-04 03:42:11 [http-nio-8080-exec-1] INFO  o.a.c.c.C.[Tomcat].[localhost].[/] - Initializing Spring DispatcherServlet 'dispatcherServlet'
2024-12-04 03:42:11 [http-nio-8080-exec-1] INFO  o.s.web.servlet.DispatcherServlet - Initializing Servlet 'dispatcherServlet'
2024-12-04 03:42:11 [http-nio-8080-exec-1] INFO  o.s.web.servlet.DispatcherServlet - Completed initialization in 3 ms
2024-12-04 03:42:11 [http-nio-8080-exec-1] INFO  c.e.p.controller.HomeController - This is api calling manas
2024-12-04 03:42:11 [http-nio-8080-exec-1] ERROR c.e.p.controller.HomeController - This is api calling manas
2024-12-04 03:42:11 [http-nio-8080-exec-1] WARN  c.e.p.controller.HomeController - This is api calling manas
2024-12-04 03:43:42 [http-nio-8080-exec-3] INFO  c.e.p.controller.HomeController - This is api calling manas
2024-12-04 03:43:42 [http-nio-8080-exec-3] ERROR c.e.p.controller.HomeController - This is api calling manas
2024-12-04 03:43:42 [http-nio-8080-exec-3] WARN  c.e.p.controller.HomeController - This is api calling manas
2024-12-04 03:43:49 [SpringApplicationShutdownHook] INFO  o.s.b.w.e.tomcat.GracefulShutdown - Commencing graceful shutdown. Waiting for active requests to complete
2024-12-04 03:43:49 [tomcat-shutdown] INFO  o.s.b.w.e.tomcat.GracefulShutdown - Graceful shutdown complete
2024-12-04 03:44:13 [main] INFO  c.e.p.ProjectFirstApplication - Starting ProjectFirstApplication using Java 21.0.5 with PID 8827 (/Users/manas/Downloads/projectFirst 2/target/classes started by manas in /Users/manas/Downloads/projectFirst 2)
2024-12-04 03:44:13 [main] INFO  c.e.p.ProjectFirstApplication - No active profile set, falling back to 1 default profile: "default"
2024-12-04 03:44:13 [main] INFO  o.s.b.w.e.tomcat.TomcatWebServer - Tomcat initialized with port 8080 (http)
2024-12-04 03:44:13 [main] INFO  o.a.coyote.http11.Http11NioProtocol - Initializing ProtocolHandler ["http-nio-8080"]
2024-12-04 03:44:13 [main] INFO  o.a.catalina.core.StandardService - Starting service [Tomcat]
2024-12-04 03:44:13 [main] INFO  o.a.catalina.core.StandardEngine - Starting Servlet engine: [Apache Tomcat/10.1.33]
2024-12-04 03:44:13 [main] INFO  o.a.c.c.C.[Tomcat].[localhost].[/] - Initializing Spring embedded WebApplicationContext
2024-12-04 03:44:13 [main] INFO  o.s.b.w.s.c.ServletWebServerApplicationContext - Root WebApplicationContext: initialization completed in 656 ms
2024-12-04 03:44:14 [main] INFO  o.a.coyote.http11.Http11NioProtocol - Starting ProtocolHandler ["http-nio-8080"]
2024-12-04 03:44:14 [main] INFO  o.s.b.w.e.tomcat.TomcatWebServer - Tomcat started on port 8080 (http) with context path '/'
2024-12-04 03:44:14 [main] INFO  c.e.p.ProjectFirstApplication - Started ProjectFirstApplication in 1.423 seconds (process running for 1.765)
2024-12-04 03:44:17 [http-nio-8080-exec-1] INFO  o.a.c.c.C.[Tomcat].[localhost].[/] - Initializing Spring DispatcherServlet 'dispatcherServlet'
2024-12-04 03:44:17 [http-nio-8080-exec-1] INFO  o.s.web.servlet.DispatcherServlet - Initializing Servlet 'dispatcherServlet'
2024-12-04 03:44:17 [http-nio-8080-exec-1] INFO  o.s.web.servlet.DispatcherServlet - Completed initialization in 1 ms
2024-12-04 03:44:17 [http-nio-8080-exec-1] INFO  c.e.p.controller.HomeController - This is api calling manas
2024-12-04 03:44:17 [http-nio-8080-exec-1] ERROR c.e.p.controller.HomeController - This is api calling manas
2024-12-04 03:44:17 [http-nio-8080-exec-1] WARN  c.e.p.controller.HomeController - This is api calling manas
2024-12-04 03:50:51 [SpringApplicationShutdownHook] INFO  o.s.b.w.e.tomcat.GracefulShutdown - Commencing graceful shutdown. Waiting for active requests to complete
2024-12-04 03:50:51 [tomcat-shutdown] INFO  o.s.b.w.e.tomcat.GracefulShutdown - Graceful shutdown complete
2024-12-04 03:52:06 [main] INFO  c.e.p.ProjectFirstApplication - Starting ProjectFirstApplication using Java 21.0.5 with PID 8869 (/Users/manas/Downloads/projectFirst 2/target/classes started by manas in /Users/manas/Downloads/projectFirst 2)
2024-12-04 03:52:06 [main] INFO  c.e.p.ProjectFirstApplication - No active profile set, falling back to 1 default profile: "default"
2024-12-04 03:52:06 [main] INFO  o.s.b.w.e.tomcat.TomcatWebServer - Tomcat initialized with port 8080 (http)
2024-12-04 03:52:06 [main] INFO  o.a.coyote.http11.Http11NioProtocol - Initializing ProtocolHandler ["http-nio-8080"]
2024-12-04 03:52:06 [main] INFO  o.a.catalina.core.StandardService - Starting service [Tomcat]
2024-12-04 03:52:06 [main] INFO  o.a.catalina.core.StandardEngine - Starting Servlet engine: [Apache Tomcat/10.1.33]
2024-12-04 03:52:06 [main] INFO  o.a.c.c.C.[Tomcat].[localhost].[/] - Initializing Spring embedded WebApplicationContext
2024-12-04 03:52:06 [main] INFO  o.s.b.w.s.c.ServletWebServerApplicationContext - Root WebApplicationContext: initialization completed in 696 ms
2024-12-04 03:52:07 [main] INFO  o.a.coyote.http11.Http11NioProtocol - Starting ProtocolHandler ["http-nio-8080"]
2024-12-04 03:52:07 [main] INFO  o.s.b.w.e.tomcat.TomcatWebServer - Tomcat started on port 8080 (http) with context path '/'
2024-12-04 03:52:07 [main] INFO  c.e.p.ProjectFirstApplication - Started ProjectFirstApplication in 1.495 seconds (process running for 1.875)
2024-12-04 03:52:13 [http-nio-8080-exec-1] INFO  o.a.c.c.C.[Tomcat].[localhost].[/] - Initializing Spring DispatcherServlet 'dispatcherServlet'
2024-12-04 03:52:13 [http-nio-8080-exec-1] INFO  o.s.web.servlet.DispatcherServlet - Initializing Servlet 'dispatcherServlet'
2024-12-04 03:52:13 [http-nio-8080-exec-1] INFO  o.s.web.servlet.DispatcherServlet - Completed initialization in 1 ms
2024-12-04 03:52:13 [http-nio-8080-exec-1] INFO  c.e.p.controller.HomeController - This is api calling manas
2024-12-04 03:52:13 [http-nio-8080-exec-1] ERROR c.e.p.controller.HomeController - This is api calling manas
2024-12-04 03:52:13 [http-nio-8080-exec-1] WARN  c.e.p.controller.HomeController - This is api calling manas
2024-12-04 03:54:25 [SpringApplicationShutdownHook] INFO  o.s.b.w.e.tomcat.GracefulShutdown - Commencing graceful shutdown. Waiting for active requests to complete
2024-12-04 03:54:25 [tomcat-shutdown] INFO  o.s.b.w.e.tomcat.GracefulShutdown - Graceful shutdown complete
